[2024-09-23 02:58:49] Player 01 from ('192.168.100.48', 52357) solved the puzzle!
[2024-09-23 23:06:36] Player 1 from ('192.168.100.48', 54289) solved the puzzle!
[2024-09-23 23:06:53] Player 1 from ('192.168.100.48', 54301) solved the puzzle!
[2024-09-23 23:23:46] Player 1 from ('192.168.100.48', 54438) solved the puzzle!
[2024-09-23 03:22:48] Player jk from ('192.168.1.7', 58480) solved the puzzle!
[2024-09-23 03:22:48] Player jk from ('192.168.1.7', 58480) solved the puzzle!
[2024-09-24 12:59:59] Player 1 from None solved the puzzle!
[2024-09-24 13:01:23] Player 1 from None solved the puzzle!
[2024-09-24 13:02:51] Player 1 from None solved the puzzle!
[2024-09-24 13:07:11] Player 1 from None solved the puzzle!
[2024-09-24 13:31:55] Player 1 from None solved the puzzle!
[2024-09-24 13:33:20] Player 1 from None solved the puzzle!
[2024-09-24 13:37:40] Player 1 from None solved the puzzle!
[2024-09-24 17:19:24] Player jk from None solved the puzzle!
[2024-09-24 17:23:54] Player jk from None solved the puzzle!
[2024-09-24 17:25:46] Player jk from None solved the puzzle!
[2024-09-24 17:27:02] Player jk from None solved the puzzle!
[2024-09-24 17:31:47] Player jk from None
[2024-09-24 17:34:04] Player j from None
[2024-09-24 17:34:38] Player j from None
[2024-09-24 17:35:15] Player j from None
[2024-09-24 17:38:57] Player jk from None
[2024-09-24 17:39:51] Player jk from None
[2024-09-24 17:42:33] Player jk from None
[2024-09-24 17:43:06] Player jk from None
[2024-09-24 17:47:06] Player jk from None
[2024-09-24 17:51:08] Player jk from None
[2024-09-24 17:53:22] Player jk from None
[2024-09-24 17:58:04] Player jk from None
[2024-09-24 18:02:38] Player jk from None
[2024-09-24 18:03:11] Player jk from None
[2024-09-24 18:04:03] Player jk from None
[2024-09-24 18:04:42] Player jk from None
[2024-09-24 18:12:13] Player jk from None
[2024-09-24 18:15:41] Player jk from None
[2024-09-24 18:18:26] Player jk from None
[2024-09-24 18:25:17] Player k from None
[2024-09-24 18:27:52] Player j from None
[2024-09-24 18:29:33] Player j from None
[2024-09-24 18:31:48] Player k from None
[2024-09-24 18:35:41] Player j from None
[2024-09-24 18:37:24] Player j from None
[2024-09-24 18:41:47] Player jk from None
[2024-09-24 18:44:02] Player jk from None
[2024-09-24 18:46:38] Player jk from None
[2024-09-24 18:46:57] Player jk from None
[2024-09-24 18:47:44] Player jk from None
[2024-09-24 18:48:23] Player jk from None
[2024-09-24 18:48:46] Player jk from None
[2024-09-24 18:48:59] Player jk from None
